2022/12/13 05:32:52 PM INFO:Waiting element be Clickable, element//div[@id='identifierNext'] ...
2022/12/13 05:32:52 PM INFO:Element found: 
2022/12/13 05:32:52 PM INFO:Element clicked: <selenium.webdriver.remote.webelement.WebElement (session="2eedecd3039a6f0a951c809b31d055df", element="17690c91-77f8-422a-a3ad-d6a4737f486c")>
2022/12/13 05:32:52 PM INFO:Waiting seconds: 4
2022/12/13 05:32:56 PM INFO:Sending keys: Selenium1 - In the element: //input[@name='password' or @name='Passwd'] ...
2022/12/13 05:32:56 PM INFO:Waiting element be Clickable, element//input[@name='password' or @name='Passwd'] ...
2022/12/13 05:32:56 PM INFO:Element found: 
2022/12/13 05:32:56 PM INFO:Waiting seconds: 1
2022/12/13 05:32:57 PM INFO:Key sent to element: <selenium.webdriver.remote.webelement.WebElement (session="2eedecd3039a6f0a951c809b31d055df", element="bd5a0787-2475-48e4-a393-560f70731cbd")>
2022/12/13 05:32:57 PM INFO:Clicking element...
2022/12/13 05:32:57 PM INFO:Waiting element be Clickable, element//*[@id='passwordNext'] ...
2022/12/13 05:32:57 PM INFO:Element found: 
2022/12/13 05:32:57 PM INFO:Element clicked: <selenium.webdriver.remote.webelement.WebElement (session="2eedecd3039a6f0a951c809b31d055df", element="bd2e27fb-6102-432e-ae1f-bebce62dd7ab")>
2022/12/13 05:32:57 PM INFO:Waiting seconds: 4
2022/12/14 02:05:21 PM INFO:====== WebDriver manager ======
2022/12/14 02:05:23 PM INFO:Get LATEST chromedriver version for google-chrome 108.0.5359
2022/12/14 02:05:25 PM INFO:About to download new driver from https://chromedriver.storage.googleapis.com/108.0.5359.71/chromedriver_win32.zip
2022/12/14 02:05:33 PM INFO:====== WebDriver manager ======
2022/12/14 02:05:35 PM INFO:Get LATEST chromedriver version for google-chrome 108.0.5359
2022/12/14 02:05:36 PM INFO:About to download new driver from https://chromedriver.storage.googleapis.com/108.0.5359.71/chromedriver_win32.zip
2022/12/14 02:05:38 PM INFO:Driver has been saved in cache [C:\Users\alber\.wdm\drivers\chromedriver\win32\108.0.5359]
2022/12/14 02:05:40 PM INFO:Browser should be opened: Browser.CHROME
2022/12/14 02:05:40 PM INFO:Loading Sites.CALENDAR
2022/12/14 02:05:40 PM INFO:Going to site: https://calendar.google.com/calendar/
2022/12/14 02:05:42 PM INFO:Sending keys: eiti.hirota@gmail.com - In the element: //*[@id='identifierId'] ...
2022/12/14 02:05:42 PM ERROR:Element NOT FOUND: //*[@id='identifierId']
2022/12/14 02:05:42 PM INFO:Clicking element...
2022/12/14 02:05:42 PM ERROR:Element NOT FOUND: //div[@id='identifierNext']
2022/12/14 02:05:42 PM INFO:Waiting seconds: 4
2022/12/15 12:26:24 PM INFO:====== WebDriver manager ======
2022/12/15 12:26:25 PM INFO:Get LATEST chromedriver version for google-chrome 108.0.5359
2022/12/15 12:26:27 PM INFO:About to download new driver from https://chromedriver.storage.googleapis.com/108.0.5359.71/chromedriver_win32.zip
2022/12/15 12:26:29 PM INFO:Driver has been saved in cache [C:\Users\alber\.wdm\drivers\chromedriver\win32\108.0.5359]
2022/12/15 12:26:31 PM INFO:Browser should be opened: Browser.CHROME
2022/12/15 12:26:31 PM INFO:Loading Sites.CALENDAR
2022/12/15 12:26:31 PM INFO:Going to site: https://calendar.google.com/calendar/
2022/12/15 12:26:32 PM INFO:Sending keys: eiti.hirota@gmail.com - In the element: //*[@id='identifierId'] ...
2022/12/15 12:26:32 PM INFO:Waiting element to be Clickable, element//*[@id='identifierId'] ...
2022/12/15 12:26:32 PM ERROR:Element NOT FOUND: //*[@id='identifierId']
2022/12/15 12:26:32 PM INFO:Clicking element...
2022/12/15 12:26:32 PM INFO:Waiting element to be Clickable, element//div[@id='identifierNext'] ...
2022/12/15 12:26:32 PM ERROR:Element NOT FOUND: //div[@id='identifierNext']
2022/12/15 12:26:32 PM INFO:Waiting seconds: 4
2022/12/15 12:27:26 PM INFO:====== WebDriver manager ======
2022/12/15 12:27:27 PM INFO:Get LATEST chromedriver version for google-chrome 108.0.5359
2022/12/15 12:27:28 PM INFO:Driver [C:\Users\alber\.wdm\drivers\chromedriver\win32\108.0.5359\chromedriver.exe] found in cache
2022/12/15 12:27:30 PM INFO:Browser should be opened: Browser.CHROME
2022/12/15 12:27:30 PM INFO:Loading Sites.CALENDAR
2022/12/15 12:27:30 PM INFO:Going to site: https://calendar.google.com/calendar/
2022/12/15 12:27:31 PM INFO:Sending keys: eiti.hirota@gmail.com - In the element: //*[@id='identifierId'] ...
2022/12/15 12:27:31 PM INFO:Waiting element to be Clickable, element//*[@id='identifierId'] ...
2022/12/15 12:27:31 PM ERROR:Element NOT FOUND: //*[@id='identifierId']
2022/12/15 12:27:31 PM INFO:Clicking element...
2022/12/15 12:27:31 PM INFO:Waiting element to be Clickable, element//div[@id='identifierNext'] ...
2022/12/15 12:27:31 PM ERROR:Element NOT FOUND: //div[@id='identifierNext']
2022/12/15 12:27:31 PM INFO:Waiting seconds: 4
2022/12/15 12:29:46 PM INFO:====== WebDriver manager ======
2022/12/15 12:29:47 PM INFO:Get LATEST chromedriver version for google-chrome 108.0.5359
2022/12/15 12:29:48 PM INFO:Driver [C:\Users\alber\.wdm\drivers\chromedriver\win32\108.0.5359\chromedriver.exe] found in cache
2022/12/15 12:29:50 PM INFO:Browser should be opened: Browser.CHROME
2022/12/15 12:29:50 PM INFO:Loading Sites.CALENDAR
2022/12/15 12:29:50 PM INFO:Going to site: https://calendar.google.com/calendar/
2022/12/15 12:29:51 PM INFO:Sending keys: eiti.hirota@gmail.com - In the element: //*[@id='identifierId'] ...
2022/12/15 12:29:51 PM INFO:Waiting element to be Clickable, element//*[@id='identifierId'] ...
2022/12/15 12:29:51 PM ERROR:Element NOT FOUND: //*[@id='identifierId']
2022/12/15 12:29:51 PM INFO:Clicking element...
2022/12/15 12:29:51 PM INFO:Waiting element to be Clickable, element//div[@id='identifierNext'] ...
2022/12/15 12:29:51 PM ERROR:Element NOT FOUND: //div[@id='identifierNext']
2022/12/15 12:29:51 PM INFO:Waiting seconds: 4
2022/12/15 12:29:55 PM INFO:Sending keys: None - In the element: //input[@name='password' or @name='Passwd'] ...
2022/12/15 12:29:55 PM INFO:Waiting element to be Clickable, element//input[@name='password' or @name='Passwd'] ...
2022/12/15 12:29:55 PM ERROR:Element NOT FOUND: //input[@name='password' or @name='Passwd']
2022/12/15 12:29:55 PM INFO:Clicking element...
2022/12/15 12:29:55 PM INFO:Waiting element to be Clickable, element//*[@id='passwordNext'] ...
2022/12/15 12:29:55 PM ERROR:Element NOT FOUND: //*[@id='passwordNext']
2022/12/15 12:29:55 PM INFO:Waiting seconds: 4
2022/12/15 12:38:10 PM INFO:====== WebDriver manager ======
2022/12/15 12:38:11 PM INFO:Get LATEST chromedriver version for google-chrome 108.0.5359
2022/12/15 12:38:12 PM INFO:Driver [C:\Users\alber\.wdm\drivers\chromedriver\win32\108.0.5359\chromedriver.exe] found in cache
2022/12/15 12:38:14 PM INFO:Browser should be opened: Browser.CHROME
2022/12/15 12:38:14 PM INFO:Loading Sites.CALENDAR
2022/12/15 12:38:14 PM INFO:Going to site: https://calendar.google.com/calendar/
2022/12/15 12:38:16 PM INFO:Sending keys: eiti.hirota@gmail.com - In the element: //*[@id='identifierId'] ...
2022/12/15 12:38:16 PM INFO:Waiting element to be Clickable, element//*[@id='identifierId'] ...
2022/12/15 12:38:16 PM ERROR:Element NOT FOUND: //*[@id='identifierId']
2022/12/15 12:38:16 PM INFO:Clicking element...
2022/12/15 12:38:16 PM INFO:Waiting element to be Clickable, element//div[@id='identifierNext'] ...
2022/12/15 12:38:16 PM ERROR:Element NOT FOUND: //div[@id='identifierNext']
2022/12/15 12:38:16 PM INFO:Waiting seconds: 4
2022/12/15 12:39:24 PM INFO:====== WebDriver manager ======
2022/12/15 12:39:25 PM INFO:Get LATEST chromedriver version for google-chrome 108.0.5359
2022/12/15 12:39:26 PM INFO:Driver [C:\Users\alber\.wdm\drivers\chromedriver\win32\108.0.5359\chromedriver.exe] found in cache
2022/12/15 12:39:28 PM INFO:Browser should be opened: Browser.CHROME
2022/12/15 12:39:28 PM INFO:Loading Sites.CALENDAR
2022/12/15 12:39:28 PM INFO:Going to site: https://calendar.google.com/calendar/
2022/12/15 12:39:30 PM INFO:Sending keys: eiti.hirota@gmail.com - In the element: //*[@id='identifierId'] ...
2022/12/15 12:39:30 PM INFO:Waiting element to be Clickable, element//*[@id='identifierId'] ...
2022/12/15 12:39:30 PM ERROR:Element NOT FOUND: //*[@id='identifierId']
2022/12/15 12:39:30 PM INFO:Clicking element...
2022/12/15 12:39:30 PM INFO:Waiting element to be Clickable, element//div[@id='identifierNext'] ...
2022/12/15 12:39:30 PM ERROR:Element NOT FOUND: //div[@id='identifierNext']
2022/12/15 12:39:30 PM INFO:Waiting seconds: 4
2022/12/15 12:42:02 PM INFO:====== WebDriver manager ======
2022/12/15 12:42:03 PM INFO:Get LATEST chromedriver version for google-chrome 108.0.5359
2022/12/15 12:42:04 PM INFO:Driver [C:\Users\alber\.wdm\drivers\chromedriver\win32\108.0.5359\chromedriver.exe] found in cache
2022/12/15 12:42:06 PM INFO:Browser should be opened: Browser.CHROME
2022/12/15 12:42:06 PM INFO:Loading Sites.CALENDAR
2022/12/15 12:42:06 PM INFO:Going to site: https://calendar.google.com/calendar/
2022/12/15 12:42:08 PM INFO:Waiting element to be Clickable, element//*[@id='identifierId'] ...
2022/12/15 12:48:57 PM INFO:====== WebDriver manager ======
2022/12/15 12:48:58 PM INFO:Get LATEST chromedriver version for google-chrome 108.0.5359
2022/12/15 12:48:59 PM INFO:Driver [C:\Users\alber\.wdm\drivers\chromedriver\win32\108.0.5359\chromedriver.exe] found in cache
2022/12/15 12:49:01 PM INFO:Browser should be opened: Browser.CHROME
2022/12/15 12:49:01 PM INFO:Loading Sites.CALENDAR
2022/12/15 12:49:01 PM INFO:Going to site: https://calendar.google.com/calendar/
2022/12/15 12:49:03 PM INFO:Waiting element to be Clickable, element//*[@id='identifierId'] ...
2022/12/15 12:49:03 PM INFO:Element found: <selenium.webdriver.remote.webelement.WebElement (session="a707c066420a0503d772bef04df33055", element="f6fb5197-11b7-48e1-9922-d0b29fbcb2dc")>
2022/12/15 12:49:03 PM INFO:Sending keys: eiti.hirota@gmail.com - In the element: //*[@id='identifierId'] ...
2022/12/15 12:49:03 PM INFO:Waiting element to be Clickable, element//*[@id='identifierId'] ...
2022/12/15 12:49:03 PM INFO:Element found: <selenium.webdriver.remote.webelement.WebElement (session="a707c066420a0503d772bef04df33055", element="f6fb5197-11b7-48e1-9922-d0b29fbcb2dc")>
2022/12/15 12:49:03 PM INFO:Looking for element: //*[@id='identifierId'] ...
2022/12/15 12:49:03 PM INFO:Element found: <selenium.webdriver.remote.webelement.WebElement (session="a707c066420a0503d772bef04df33055", element="f6fb5197-11b7-48e1-9922-d0b29fbcb2dc")>
2022/12/15 12:49:03 PM INFO:Waiting seconds: 1
2022/12/15 12:49:04 PM INFO:Key sent to element: <selenium.webdriver.remote.webelement.WebElement (session="a707c066420a0503d772bef04df33055", element="f6fb5197-11b7-48e1-9922-d0b29fbcb2dc")>
2022/12/15 12:49:04 PM INFO:Clicking element...
2022/12/15 12:49:04 PM INFO:Waiting element to be Clickable, element//div[@id='identifierNext'] ...
2022/12/15 12:49:04 PM INFO:Element found: <selenium.webdriver.remote.webelement.WebElement (session="a707c066420a0503d772bef04df33055", element="9722737a-e873-4747-84f5-3b665d6d8164")>
2022/12/15 12:49:04 PM INFO:Looking for element: //div[@id='identifierNext'] ...
2022/12/15 12:49:04 PM INFO:Element found: <selenium.webdriver.remote.webelement.WebElement (session="a707c066420a0503d772bef04df33055", element="9722737a-e873-4747-84f5-3b665d6d8164")>
2022/12/15 12:49:04 PM INFO:Element clicked: <selenium.webdriver.remote.webelement.WebElement (session="a707c066420a0503d772bef04df33055", element="9722737a-e873-4747-84f5-3b665d6d8164")>
2022/12/15 12:49:04 PM INFO:Waiting seconds: 4
2022/12/15 12:49:08 PM INFO:Sending keys: None - In the element: //input[@name='password' or @name='Passwd'] ...
2022/12/15 12:49:08 PM INFO:Waiting element to be Clickable, element//input[@name='password' or @name='Passwd'] ...
2022/12/15 12:49:09 PM INFO:Element found: <selenium.webdriver.remote.webelement.WebElement (session="a707c066420a0503d772bef04df33055", element="36bc0852-329d-4225-93b9-f329c5279b4f")>
2022/12/15 12:49:09 PM INFO:Looking for element: //input[@name='password' or @name='Passwd'] ...
2022/12/15 12:49:09 PM INFO:Element found: <selenium.webdriver.remote.webelement.WebElement (session="a707c066420a0503d772bef04df33055", element="36bc0852-329d-4225-93b9-f329c5279b4f")>
2022/12/15 12:49:09 PM ERROR:Element NOT FOUND: //input[@name='password' or @name='Passwd']
2022/12/15 12:49:09 PM INFO:Clicking element...
2022/12/15 12:49:09 PM INFO:Waiting element to be Clickable, element//*[@id='passwordNext'] ...
2022/12/15 12:49:09 PM INFO:Element found: <selenium.webdriver.remote.webelement.WebElement (session="a707c066420a0503d772bef04df33055", element="1c7a4b6d-a44e-4750-a69d-0df1daf9a64f")>
2022/12/15 12:49:09 PM INFO:Looking for element: //*[@id='passwordNext'] ...
2022/12/15 12:49:09 PM INFO:Element found: <selenium.webdriver.remote.webelement.WebElement (session="a707c066420a0503d772bef04df33055", element="1c7a4b6d-a44e-4750-a69d-0df1daf9a64f")>
2022/12/15 12:49:09 PM INFO:Element clicked: <selenium.webdriver.remote.webelement.WebElement (session="a707c066420a0503d772bef04df33055", element="1c7a4b6d-a44e-4750-a69d-0df1daf9a64f")>
2022/12/15 12:49:09 PM INFO:Waiting seconds: 4
2022/12/15 12:49:43 PM INFO:====== WebDriver manager ======
2022/12/15 12:49:44 PM INFO:Get LATEST chromedriver version for google-chrome 108.0.5359
2022/12/15 12:49:45 PM INFO:Driver [C:\Users\alber\.wdm\drivers\chromedriver\win32\108.0.5359\chromedriver.exe] found in cache
2022/12/15 12:49:46 PM INFO:Browser should be opened: Browser.CHROME
2022/12/15 12:49:46 PM INFO:Loading Sites.CALENDAR
2022/12/15 12:49:46 PM INFO:Going to site: https://calendar.google.com/calendar/
2022/12/15 12:49:48 PM INFO:Waiting element to be Clickable, element//*[@id='identifierId'] ...
2022/12/15 12:49:48 PM INFO:Element found: <selenium.webdriver.remote.webelement.WebElement (session="047eadda1bb9678b9907a1098a539240", element="20774498-c29d-4c78-9890-479a4aac59c3")>
2022/12/15 12:49:48 PM INFO:Sending keys: eiti.hirota@gmail.com - In the element: //*[@id='identifierId'] ...
2022/12/15 12:49:48 PM INFO:Waiting element to be Clickable, element//*[@id='identifierId'] ...
2022/12/15 12:49:48 PM INFO:Element found: <selenium.webdriver.remote.webelement.WebElement (session="047eadda1bb9678b9907a1098a539240", element="20774498-c29d-4c78-9890-479a4aac59c3")>
2022/12/15 12:49:48 PM INFO:Looking for element: //*[@id='identifierId'] ...
2022/12/15 12:49:48 PM INFO:Element found: <selenium.webdriver.remote.webelement.WebElement (session="047eadda1bb9678b9907a1098a539240", element="20774498-c29d-4c78-9890-479a4aac59c3")>
2022/12/15 12:49:48 PM INFO:Waiting seconds: 1
2022/12/15 12:49:49 PM INFO:Key sent to element: <selenium.webdriver.remote.webelement.WebElement (session="047eadda1bb9678b9907a1098a539240", element="20774498-c29d-4c78-9890-479a4aac59c3")>
2022/12/15 12:49:49 PM INFO:Clicking element...
2022/12/15 12:49:49 PM INFO:Waiting element to be Clickable, element//div[@id='identifierNext'] ...
2022/12/15 12:49:49 PM INFO:Element found: <selenium.webdriver.remote.webelement.WebElement (session="047eadda1bb9678b9907a1098a539240", element="c2f8349e-be26-4da5-a297-7a3e0daa9288")>
2022/12/15 12:49:49 PM INFO:Looking for element: //div[@id='identifierNext'] ...
2022/12/15 12:49:49 PM INFO:Element found: <selenium.webdriver.remote.webelement.WebElement (session="047eadda1bb9678b9907a1098a539240", element="c2f8349e-be26-4da5-a297-7a3e0daa9288")>
2022/12/15 12:49:49 PM INFO:Element clicked: <selenium.webdriver.remote.webelement.WebElement (session="047eadda1bb9678b9907a1098a539240", element="c2f8349e-be26-4da5-a297-7a3e0daa9288")>
2022/12/15 12:49:49 PM INFO:Waiting seconds: 4
2022/12/15 12:49:53 PM INFO:Sending keys: None - In the element: //input[@name='password' or @name='Passwd'] ...
2022/12/15 12:49:53 PM INFO:Waiting element to be Clickable, element//input[@name='password' or @name='Passwd'] ...
2022/12/15 12:49:53 PM INFO:Element found: <selenium.webdriver.remote.webelement.WebElement (session="047eadda1bb9678b9907a1098a539240", element="e0d167db-e1b1-4527-9684-adf5bc36a65b")>
2022/12/15 12:49:53 PM INFO:Looking for element: //input[@name='password' or @name='Passwd'] ...
2022/12/15 12:49:53 PM INFO:Element found: <selenium.webdriver.remote.webelement.WebElement (session="047eadda1bb9678b9907a1098a539240", element="e0d167db-e1b1-4527-9684-adf5bc36a65b")>
2022/12/15 12:49:53 PM ERROR:Element NOT FOUND: //input[@name='password' or @name='Passwd']
2022/12/15 12:49:53 PM INFO:Clicking element...
2022/12/15 12:49:53 PM INFO:Waiting element to be Clickable, element//*[@id='passwordNext'] ...
2022/12/15 12:49:53 PM INFO:Element found: <selenium.webdriver.remote.webelement.WebElement (session="047eadda1bb9678b9907a1098a539240", element="ffcc22e0-7e1b-41e9-9777-906cf3f925ca")>
2022/12/15 12:49:53 PM INFO:Looking for element: //*[@id='passwordNext'] ...
2022/12/15 12:49:53 PM INFO:Element found: <selenium.webdriver.remote.webelement.WebElement (session="047eadda1bb9678b9907a1098a539240", element="ffcc22e0-7e1b-41e9-9777-906cf3f925ca")>
2022/12/15 12:49:53 PM INFO:Element clicked: <selenium.webdriver.remote.webelement.WebElement (session="047eadda1bb9678b9907a1098a539240", element="ffcc22e0-7e1b-41e9-9777-906cf3f925ca")>
2022/12/15 12:49:53 PM INFO:Waiting seconds: 4
2022/12/15 12:54:25 PM INFO:====== WebDriver manager ======
2022/12/15 12:54:26 PM INFO:Get LATEST chromedriver version for google-chrome 108.0.5359
2022/12/15 12:54:27 PM INFO:Driver [C:\Users\alber\.wdm\drivers\chromedriver\win32\108.0.5359\chromedriver.exe] found in cache
2022/12/15 12:54:29 PM INFO:Browser should be opened: Browser.CHROME
2022/12/15 12:54:29 PM INFO:Loading Sites.CALENDAR
2022/12/15 12:54:29 PM INFO:Going to site: https://calendar.google.com/calendar/
2022/12/15 12:54:30 PM INFO:Waiting element to be Clickable, element//*[@id='identifierId'] ...
2022/12/15 12:54:30 PM INFO:Element found: <selenium.webdriver.remote.webelement.WebElement (session="539d83c2898aec4da52ada36e55e1148", element="ab2da267-04ac-4965-aacd-e927ebc6334c")>
2022/12/15 12:54:30 PM INFO:Sending keys: eiti.hirota@gmail.com - In the element: //*[@id='identifierId'] ...
2022/12/15 12:54:30 PM INFO:Waiting element to be Clickable, element//*[@id='identifierId'] ...
2022/12/15 12:54:30 PM INFO:Element found: <selenium.webdriver.remote.webelement.WebElement (session="539d83c2898aec4da52ada36e55e1148", element="ab2da267-04ac-4965-aacd-e927ebc6334c")>
2022/12/15 12:54:30 PM INFO:Looking for element: //*[@id='identifierId'] ...
2022/12/15 12:54:30 PM INFO:Element found: <selenium.webdriver.remote.webelement.WebElement (session="539d83c2898aec4da52ada36e55e1148", element="ab2da267-04ac-4965-aacd-e927ebc6334c")>
2022/12/15 12:54:30 PM INFO:Waiting seconds: 1
2022/12/15 12:54:31 PM INFO:Key sent to element: <selenium.webdriver.remote.webelement.WebElement (session="539d83c2898aec4da52ada36e55e1148", element="ab2da267-04ac-4965-aacd-e927ebc6334c")>
2022/12/15 12:54:31 PM INFO:Clicking element...
2022/12/15 12:54:31 PM INFO:Waiting element to be Clickable, element//div[@id='identifierNext'] ...
2022/12/15 12:54:32 PM INFO:Element found: <selenium.webdriver.remote.webelement.WebElement (session="539d83c2898aec4da52ada36e55e1148", element="e4e3be60-4efd-4719-ac3b-a47765f5ce78")>
2022/12/15 12:54:32 PM INFO:Looking for element: //div[@id='identifierNext'] ...
2022/12/15 12:54:32 PM INFO:Element found: <selenium.webdriver.remote.webelement.WebElement (session="539d83c2898aec4da52ada36e55e1148", element="e4e3be60-4efd-4719-ac3b-a47765f5ce78")>
2022/12/15 12:54:32 PM INFO:Element clicked: <selenium.webdriver.remote.webelement.WebElement (session="539d83c2898aec4da52ada36e55e1148", element="e4e3be60-4efd-4719-ac3b-a47765f5ce78")>
2022/12/15 12:54:32 PM INFO:Waiting seconds: 4
2022/12/15 12:54:36 PM INFO:Sending keys: None - In the element: //input[@name='password' or @name='Passwd'] ...
2022/12/15 12:54:36 PM INFO:Waiting element to be Clickable, element//input[@name='password' or @name='Passwd'] ...
2022/12/15 12:54:36 PM INFO:Element found: <selenium.webdriver.remote.webelement.WebElement (session="539d83c2898aec4da52ada36e55e1148", element="1722a9c5-b4c3-43cb-84da-6cf14339113c")>
2022/12/15 12:54:36 PM INFO:Looking for element: //input[@name='password' or @name='Passwd'] ...
2022/12/15 12:54:36 PM INFO:Element found: <selenium.webdriver.remote.webelement.WebElement (session="539d83c2898aec4da52ada36e55e1148", element="1722a9c5-b4c3-43cb-84da-6cf14339113c")>
2022/12/15 12:54:36 PM ERROR:Element NOT FOUND: //input[@name='password' or @name='Passwd']
2022/12/15 12:54:36 PM INFO:Clicking element...
2022/12/15 12:54:36 PM INFO:Waiting element to be Clickable, element//*[@id='passwordNext'] ...
2022/12/15 12:54:36 PM INFO:Element found: <selenium.webdriver.remote.webelement.WebElement (session="539d83c2898aec4da52ada36e55e1148", element="b597f9cc-fb0b-4d77-9ebd-ea605c300b4c")>
2022/12/15 12:54:36 PM INFO:Looking for element: //*[@id='passwordNext'] ...
2022/12/15 12:54:36 PM INFO:Element found: <selenium.webdriver.remote.webelement.WebElement (session="539d83c2898aec4da52ada36e55e1148", element="b597f9cc-fb0b-4d77-9ebd-ea605c300b4c")>
2022/12/15 12:54:36 PM INFO:Element clicked: <selenium.webdriver.remote.webelement.WebElement (session="539d83c2898aec4da52ada36e55e1148", element="b597f9cc-fb0b-4d77-9ebd-ea605c300b4c")>
2022/12/15 12:54:36 PM INFO:Waiting seconds: 4
2022/12/15 12:56:39 PM INFO:====== WebDriver manager ======
2022/12/15 12:56:40 PM INFO:Get LATEST chromedriver version for google-chrome 108.0.5359
2022/12/15 12:56:41 PM INFO:Driver [C:\Users\alber\.wdm\drivers\chromedriver\win32\108.0.5359\chromedriver.exe] found in cache
2022/12/15 12:56:43 PM INFO:Browser should be opened: Browser.CHROME
2022/12/15 12:56:43 PM INFO:Loading Sites.CALENDAR
2022/12/15 12:56:43 PM INFO:Going to site: https://calendar.google.com/calendar/
2022/12/15 12:56:45 PM INFO:Waiting element to be Clickable, element//*[@id='identifierId'] ...
2022/12/15 12:56:45 PM INFO:Element found: <selenium.webdriver.remote.webelement.WebElement (session="3368cae017c29d87b59268d156ae17a7", element="40f8f9a9-4ec2-4e03-9278-e71dd2e45caa")>
2022/12/15 12:56:45 PM INFO:Sending keys: eiti.hirota@gmail.com - In the element: //*[@id='identifierId'] ...
2022/12/15 12:56:45 PM INFO:Waiting element to be Clickable, element//*[@id='identifierId'] ...
2022/12/15 12:56:45 PM INFO:Element found: <selenium.webdriver.remote.webelement.WebElement (session="3368cae017c29d87b59268d156ae17a7", element="40f8f9a9-4ec2-4e03-9278-e71dd2e45caa")>
2022/12/15 12:56:45 PM INFO:Looking for element: //*[@id='identifierId'] ...
2022/12/15 12:56:45 PM INFO:Element found: <selenium.webdriver.remote.webelement.WebElement (session="3368cae017c29d87b59268d156ae17a7", element="40f8f9a9-4ec2-4e03-9278-e71dd2e45caa")>
2022/12/15 12:56:45 PM INFO:Waiting seconds: 1
2022/12/15 12:56:46 PM INFO:Key sent to element: <selenium.webdriver.remote.webelement.WebElement (session="3368cae017c29d87b59268d156ae17a7", element="40f8f9a9-4ec2-4e03-9278-e71dd2e45caa")>
2022/12/15 12:56:46 PM INFO:Clicking element...
2022/12/15 12:56:46 PM INFO:Waiting element to be Clickable, element//div[@id='identifierNext'] ...
2022/12/15 12:56:46 PM INFO:Element found: <selenium.webdriver.remote.webelement.WebElement (session="3368cae017c29d87b59268d156ae17a7", element="39355b61-7b85-4e81-984b-51995232b432")>
2022/12/15 12:56:46 PM INFO:Looking for element: //div[@id='identifierNext'] ...
2022/12/15 12:56:46 PM INFO:Element found: <selenium.webdriver.remote.webelement.WebElement (session="3368cae017c29d87b59268d156ae17a7", element="39355b61-7b85-4e81-984b-51995232b432")>
2022/12/15 12:56:47 PM INFO:Element clicked: <selenium.webdriver.remote.webelement.WebElement (session="3368cae017c29d87b59268d156ae17a7", element="39355b61-7b85-4e81-984b-51995232b432")>
2022/12/15 12:56:47 PM INFO:Waiting seconds: 4
2022/12/15 12:56:51 PM INFO:Sending keys: None - In the element: //input[@name='password' or @name='Passwd'] ...
2022/12/15 12:56:51 PM INFO:Waiting element to be Clickable, element//input[@name='password' or @name='Passwd'] ...
2022/12/15 12:56:51 PM INFO:Element found: <selenium.webdriver.remote.webelement.WebElement (session="3368cae017c29d87b59268d156ae17a7", element="95bfc992-5447-4e0d-8b02-67b06a60840c")>
2022/12/15 12:56:51 PM INFO:Looking for element: //input[@name='password' or @name='Passwd'] ...
2022/12/15 12:56:51 PM INFO:Element found: <selenium.webdriver.remote.webelement.WebElement (session="3368cae017c29d87b59268d156ae17a7", element="95bfc992-5447-4e0d-8b02-67b06a60840c")>
2022/12/15 12:56:51 PM ERROR:Element NOT FOUND: //input[@name='password' or @name='Passwd']
2022/12/15 12:56:51 PM INFO:Clicking element...
2022/12/15 12:56:51 PM INFO:Waiting element to be Clickable, element//*[@id='passwordNext'] ...
2022/12/15 12:56:51 PM INFO:Element found: <selenium.webdriver.remote.webelement.WebElement (session="3368cae017c29d87b59268d156ae17a7", element="be3f4bfe-3384-4dc8-a8d1-7f93c4e31227")>
2022/12/15 12:56:51 PM INFO:Looking for element: //*[@id='passwordNext'] ...
2022/12/15 12:56:51 PM INFO:Element found: <selenium.webdriver.remote.webelement.WebElement (session="3368cae017c29d87b59268d156ae17a7", element="be3f4bfe-3384-4dc8-a8d1-7f93c4e31227")>
2022/12/15 12:56:51 PM INFO:Element clicked: <selenium.webdriver.remote.webelement.WebElement (session="3368cae017c29d87b59268d156ae17a7", element="be3f4bfe-3384-4dc8-a8d1-7f93c4e31227")>
2022/12/15 12:56:51 PM INFO:Waiting seconds: 4
2022/12/15 01:38:59 PM INFO:====== WebDriver manager ======
2022/12/15 01:39:00 PM INFO:Get LATEST chromedriver version for google-chrome 108.0.5359
2022/12/15 01:39:01 PM INFO:Driver [C:\Users\alber\.wdm\drivers\chromedriver\win32\108.0.5359\chromedriver.exe] found in cache
2022/12/15 01:39:03 PM INFO:Browser should be opened: Browser.CHROME
2022/12/15 01:39:03 PM INFO:Loading Sites.CALENDAR
2022/12/15 01:39:03 PM INFO:Going to site: https://calendar.google.com/calendar/
2022/12/15 01:39:05 PM INFO:Waiting element to be Clickable, element//*[@id='identifierId'] ...
2022/12/15 01:39:05 PM INFO:Element found: <selenium.webdriver.remote.webelement.WebElement (session="b96da69f0a1157dd46c9eb92e810c7c0", element="54bdb7e1-47c1-4e05-8d65-468e76582cd3")>
2022/12/15 01:39:05 PM INFO:Sending keys: eiti.hirota@gmail.com - In the element: //*[@id='identifierId'] ...
2022/12/15 01:39:05 PM INFO:Waiting element to be Clickable, element//*[@id='identifierId'] ...
2022/12/15 01:39:05 PM INFO:Element found: <selenium.webdriver.remote.webelement.WebElement (session="b96da69f0a1157dd46c9eb92e810c7c0", element="54bdb7e1-47c1-4e05-8d65-468e76582cd3")>
2022/12/15 01:39:05 PM INFO:Looking for element: //*[@id='identifierId'] ...
2022/12/15 01:39:06 PM INFO:Element found: <selenium.webdriver.remote.webelement.WebElement (session="b96da69f0a1157dd46c9eb92e810c7c0", element="54bdb7e1-47c1-4e05-8d65-468e76582cd3")>
2022/12/15 01:39:06 PM INFO:Waiting seconds: 1
2022/12/15 01:39:07 PM INFO:Key sent to element: <selenium.webdriver.remote.webelement.WebElement (session="b96da69f0a1157dd46c9eb92e810c7c0", element="54bdb7e1-47c1-4e05-8d65-468e76582cd3")>
2022/12/15 01:39:07 PM INFO:Clicking element...
2022/12/15 01:39:07 PM INFO:Waiting element to be Clickable, element//div[@id='identifierNext'] ...
2022/12/15 01:39:07 PM INFO:Element found: <selenium.webdriver.remote.webelement.WebElement (session="b96da69f0a1157dd46c9eb92e810c7c0", element="783fb8f8-05e1-4329-8057-4bf5791c2124")>
2022/12/15 01:39:07 PM INFO:Looking for element: //div[@id='identifierNext'] ...
2022/12/15 01:39:07 PM INFO:Element found: <selenium.webdriver.remote.webelement.WebElement (session="b96da69f0a1157dd46c9eb92e810c7c0", element="783fb8f8-05e1-4329-8057-4bf5791c2124")>
2022/12/15 01:39:07 PM INFO:Element clicked: <selenium.webdriver.remote.webelement.WebElement (session="b96da69f0a1157dd46c9eb92e810c7c0", element="783fb8f8-05e1-4329-8057-4bf5791c2124")>
2022/12/15 01:39:07 PM INFO:Waiting seconds: 4
2022/12/15 01:39:11 PM INFO:Sending keys: None - In the element: //input[@name='password' or @name='Passwd'] ...
2022/12/15 01:39:11 PM INFO:Waiting element to be Clickable, element//input[@name='password' or @name='Passwd'] ...
2022/12/15 01:39:11 PM INFO:Element found: <selenium.webdriver.remote.webelement.WebElement (session="b96da69f0a1157dd46c9eb92e810c7c0", element="1c28656b-258d-452e-8fb1-9527b1d87452")>
2022/12/15 01:39:11 PM INFO:Looking for element: //input[@name='password' or @name='Passwd'] ...
2022/12/15 01:39:11 PM INFO:Element found: <selenium.webdriver.remote.webelement.WebElement (session="b96da69f0a1157dd46c9eb92e810c7c0", element="1c28656b-258d-452e-8fb1-9527b1d87452")>
2022/12/15 01:39:11 PM ERROR:Element NOT FOUND: //input[@name='password' or @name='Passwd']
2022/12/15 01:39:11 PM INFO:Clicking element...
2022/12/15 01:39:11 PM INFO:Waiting element to be Clickable, element//*[@id='passwordNext'] ...
2022/12/15 01:39:11 PM INFO:Element found: <selenium.webdriver.remote.webelement.WebElement (session="b96da69f0a1157dd46c9eb92e810c7c0", element="1ddcd172-cef4-468e-850c-ebe0779a7e54")>
2022/12/15 01:39:11 PM INFO:Looking for element: //*[@id='passwordNext'] ...
2022/12/15 01:39:11 PM INFO:Element found: <selenium.webdriver.remote.webelement.WebElement (session="b96da69f0a1157dd46c9eb92e810c7c0", element="1ddcd172-cef4-468e-850c-ebe0779a7e54")>
2022/12/15 01:39:11 PM INFO:Element clicked: <selenium.webdriver.remote.webelement.WebElement (session="b96da69f0a1157dd46c9eb92e810c7c0", element="1ddcd172-cef4-468e-850c-ebe0779a7e54")>
2022/12/15 01:39:11 PM INFO:Waiting seconds: 4
2022/12/15 01:40:32 PM INFO:====== WebDriver manager ======
2022/12/15 01:40:33 PM INFO:Get LATEST chromedriver version for google-chrome 108.0.5359
2022/12/15 01:40:34 PM INFO:Driver [C:\Users\alber\.wdm\drivers\chromedriver\win32\108.0.5359\chromedriver.exe] found in cache
2022/12/15 01:40:36 PM INFO:Browser should be opened: Browser.CHROME
2022/12/15 01:40:36 PM INFO:Loading Sites.CALENDAR
2022/12/15 01:40:36 PM INFO:Going to site: https://calendar.google.com/calendar/
2022/12/15 01:40:37 PM INFO:Waiting element to be Clickable, element//*[@id='identifierId'] ...
2022/12/15 01:40:37 PM INFO:Element found: <selenium.webdriver.remote.webelement.WebElement (session="da5b62eca903842e92629d4baef67cf7", element="9a7a6f78-7bdf-4dec-8788-839a36019c1e")>
2022/12/15 01:40:37 PM INFO:Sending keys: eiti.hirota@gmail.com - In the element: //*[@id='identifierId'] ...
2022/12/15 01:40:37 PM INFO:Waiting element to be Clickable, element//*[@id='identifierId'] ...
2022/12/15 01:40:37 PM INFO:Element found: <selenium.webdriver.remote.webelement.WebElement (session="da5b62eca903842e92629d4baef67cf7", element="9a7a6f78-7bdf-4dec-8788-839a36019c1e")>
2022/12/15 01:40:37 PM INFO:Looking for element: //*[@id='identifierId'] ...
2022/12/15 01:40:37 PM INFO:Element found: <selenium.webdriver.remote.webelement.WebElement (session="da5b62eca903842e92629d4baef67cf7", element="9a7a6f78-7bdf-4dec-8788-839a36019c1e")>
2022/12/15 01:40:38 PM INFO:Waiting seconds: 1
2022/12/15 01:40:39 PM INFO:Key sent to element: <selenium.webdriver.remote.webelement.WebElement (session="da5b62eca903842e92629d4baef67cf7", element="9a7a6f78-7bdf-4dec-8788-839a36019c1e")>
2022/12/15 01:40:39 PM INFO:Clicking element...
2022/12/15 01:40:39 PM INFO:Waiting element to be Clickable, element//div[@id='identifierNext'] ...
2022/12/15 01:40:39 PM INFO:Element found: <selenium.webdriver.remote.webelement.WebElement (session="da5b62eca903842e92629d4baef67cf7", element="a94281e5-edd3-4ea1-9a56-6767ae0d7c90")>
2022/12/15 01:40:39 PM INFO:Looking for element: //div[@id='identifierNext'] ...
2022/12/15 01:40:39 PM INFO:Element found: <selenium.webdriver.remote.webelement.WebElement (session="da5b62eca903842e92629d4baef67cf7", element="a94281e5-edd3-4ea1-9a56-6767ae0d7c90")>
2022/12/15 01:40:39 PM INFO:Element clicked: <selenium.webdriver.remote.webelement.WebElement (session="da5b62eca903842e92629d4baef67cf7", element="a94281e5-edd3-4ea1-9a56-6767ae0d7c90")>
2022/12/15 01:40:39 PM INFO:Waiting seconds: 4
2022/12/15 01:40:43 PM INFO:Sending keys: None - In the element: //input[@name='password' or @name='Passwd'] ...
2022/12/15 01:40:43 PM INFO:Waiting element to be Clickable, element//input[@name='password' or @name='Passwd'] ...
2022/12/15 01:40:43 PM INFO:Element found: <selenium.webdriver.remote.webelement.WebElement (session="da5b62eca903842e92629d4baef67cf7", element="1cdb14a5-ef1d-4e8b-b8b2-9cf1f3501784")>
2022/12/15 01:40:43 PM INFO:Looking for element: //input[@name='password' or @name='Passwd'] ...
2022/12/15 01:40:43 PM INFO:Element found: <selenium.webdriver.remote.webelement.WebElement (session="da5b62eca903842e92629d4baef67cf7", element="1cdb14a5-ef1d-4e8b-b8b2-9cf1f3501784")>
2022/12/15 01:40:43 PM ERROR:Element NOT FOUND: //input[@name='password' or @name='Passwd']
2022/12/15 01:40:43 PM INFO:Clicking element...
2022/12/15 01:40:43 PM INFO:Waiting element to be Clickable, element//*[@id='passwordNext'] ...
2022/12/15 01:40:43 PM INFO:Element found: <selenium.webdriver.remote.webelement.WebElement (session="da5b62eca903842e92629d4baef67cf7", element="0cc2edf4-795a-40e7-afa4-b3abf96c129b")>
2022/12/15 01:40:43 PM INFO:Looking for element: //*[@id='passwordNext'] ...
2022/12/15 01:40:43 PM INFO:Element found: <selenium.webdriver.remote.webelement.WebElement (session="da5b62eca903842e92629d4baef67cf7", element="0cc2edf4-795a-40e7-afa4-b3abf96c129b")>
2022/12/15 01:40:43 PM INFO:Element clicked: <selenium.webdriver.remote.webelement.WebElement (session="da5b62eca903842e92629d4baef67cf7", element="0cc2edf4-795a-40e7-afa4-b3abf96c129b")>
2022/12/15 01:40:43 PM INFO:Waiting seconds: 4
2022/12/15 01:43:14 PM INFO:====== WebDriver manager ======
2022/12/15 01:43:15 PM INFO:Get LATEST chromedriver version for google-chrome 108.0.5359
2022/12/15 01:43:17 PM INFO:Driver [C:\Users\alber\.wdm\drivers\chromedriver\win32\108.0.5359\chromedriver.exe] found in cache
2022/12/15 01:43:18 PM INFO:Browser should be opened: Browser.CHROME
2022/12/15 01:43:18 PM INFO:Loading Sites.CALENDAR
2022/12/15 01:43:18 PM INFO:Going to site: https://calendar.google.com/calendar/
2022/12/15 01:43:20 PM INFO:Waiting element to be Clickable, element//*[@id='identifierId'] ...
2022/12/15 01:43:20 PM INFO:Element found: <selenium.webdriver.remote.webelement.WebElement (session="8297a49b0942fe6fa522ec177020ef6f", element="0fb202ec-b53b-4a2a-b4a0-0c3648a539b3")>
2022/12/15 01:43:20 PM INFO:Sending keys: eiti.hirota@gmail.com - In the element: //*[@id='identifierId'] ...
2022/12/15 01:43:20 PM INFO:Waiting element to be Clickable, element//*[@id='identifierId'] ...
2022/12/15 01:43:20 PM INFO:Element found: <selenium.webdriver.remote.webelement.WebElement (session="8297a49b0942fe6fa522ec177020ef6f", element="0fb202ec-b53b-4a2a-b4a0-0c3648a539b3")>
2022/12/15 01:43:20 PM INFO:Looking for element: //*[@id='identifierId'] ...
2022/12/15 01:43:20 PM INFO:Element found: <selenium.webdriver.remote.webelement.WebElement (session="8297a49b0942fe6fa522ec177020ef6f", element="0fb202ec-b53b-4a2a-b4a0-0c3648a539b3")>
2022/12/15 01:43:21 PM INFO:Waiting seconds: 1
2022/12/15 01:43:22 PM INFO:Key sent to element: <selenium.webdriver.remote.webelement.WebElement (session="8297a49b0942fe6fa522ec177020ef6f", element="0fb202ec-b53b-4a2a-b4a0-0c3648a539b3")>
2022/12/15 01:43:22 PM INFO:Clicking element...
2022/12/15 01:43:22 PM INFO:Waiting element to be Clickable, element//div[@id='identifierNext'] ...
2022/12/15 01:43:22 PM INFO:Element found: <selenium.webdriver.remote.webelement.WebElement (session="8297a49b0942fe6fa522ec177020ef6f", element="9fa11a80-3336-4640-979e-b1f50ace7a8a")>
2022/12/15 01:43:22 PM INFO:Looking for element: //div[@id='identifierNext'] ...
2022/12/15 01:43:22 PM INFO:Element found: <selenium.webdriver.remote.webelement.WebElement (session="8297a49b0942fe6fa522ec177020ef6f", element="9fa11a80-3336-4640-979e-b1f50ace7a8a")>
2022/12/15 01:43:22 PM INFO:Element clicked: <selenium.webdriver.remote.webelement.WebElement (session="8297a49b0942fe6fa522ec177020ef6f", element="9fa11a80-3336-4640-979e-b1f50ace7a8a")>
2022/12/15 01:43:22 PM INFO:Waiting seconds: 4
2022/12/15 01:43:26 PM INFO:Sending keys: None - In the element: //input[@name='password' or @name='Passwd'] ...
2022/12/15 01:43:26 PM INFO:Waiting element to be Clickable, element//input[@name='password' or @name='Passwd'] ...
2022/12/15 01:43:26 PM INFO:Element found: <selenium.webdriver.remote.webelement.WebElement (session="8297a49b0942fe6fa522ec177020ef6f", element="12283b36-50b3-4acd-90d0-90e0d7641488")>
2022/12/15 01:43:26 PM INFO:Looking for element: //input[@name='password' or @name='Passwd'] ...
2022/12/15 01:43:26 PM INFO:Element found: <selenium.webdriver.remote.webelement.WebElement (session="8297a49b0942fe6fa522ec177020ef6f", element="12283b36-50b3-4acd-90d0-90e0d7641488")>
2022/12/15 01:43:26 PM ERROR:Element NOT FOUND: //input[@name='password' or @name='Passwd']
2022/12/15 01:43:26 PM INFO:Clicking element...
2022/12/15 01:43:26 PM INFO:Waiting element to be Clickable, element//*[@id='passwordNext'] ...
2022/12/15 01:43:26 PM INFO:Element found: <selenium.webdriver.remote.webelement.WebElement (session="8297a49b0942fe6fa522ec177020ef6f", element="f84dc284-9425-46a5-b8de-bb95358b016b")>
2022/12/15 01:43:26 PM INFO:Looking for element: //*[@id='passwordNext'] ...
2022/12/15 01:43:26 PM INFO:Element found: <selenium.webdriver.remote.webelement.WebElement (session="8297a49b0942fe6fa522ec177020ef6f", element="f84dc284-9425-46a5-b8de-bb95358b016b")>
2022/12/15 01:43:26 PM INFO:Element clicked: <selenium.webdriver.remote.webelement.WebElement (session="8297a49b0942fe6fa522ec177020ef6f", element="f84dc284-9425-46a5-b8de-bb95358b016b")>
2022/12/15 01:43:26 PM INFO:Waiting seconds: 4
2022/12/15 01:48:13 PM INFO:====== WebDriver manager ======
2022/12/15 01:48:14 PM INFO:Get LATEST chromedriver version for google-chrome 108.0.5359
2022/12/15 01:48:15 PM INFO:Driver [C:\Users\alber\.wdm\drivers\chromedriver\win32\108.0.5359\chromedriver.exe] found in cache
2022/12/15 01:48:17 PM INFO:Browser should be opened: Browser.CHROME
2022/12/15 01:48:17 PM INFO:Loading Sites.CALENDAR
2022/12/15 01:48:17 PM INFO:Going to site: https://calendar.google.com/calendar/
2022/12/15 01:48:19 PM INFO:Waiting element to be Clickable, element//*[@id='identifierId'] ...
2022/12/15 01:48:20 PM INFO:Element found: <selenium.webdriver.remote.webelement.WebElement (session="1f6fc429f7b4f97bd6db6adfaa6d58ae", element="798a64cc-be43-4b52-b2ab-c02d9b66214e")>
2022/12/15 01:48:20 PM INFO:Sending keys: eiti.hirota@gmail.com - In the element: //*[@id='identifierId'] ...
2022/12/15 01:48:20 PM INFO:Waiting element to be Clickable, element//*[@id='identifierId'] ...
2022/12/15 01:48:20 PM INFO:Element found: <selenium.webdriver.remote.webelement.WebElement (session="1f6fc429f7b4f97bd6db6adfaa6d58ae", element="798a64cc-be43-4b52-b2ab-c02d9b66214e")>
2022/12/15 01:48:20 PM INFO:Looking for element: //*[@id='identifierId'] ...
2022/12/15 01:48:20 PM INFO:Element found: <selenium.webdriver.remote.webelement.WebElement (session="1f6fc429f7b4f97bd6db6adfaa6d58ae", element="798a64cc-be43-4b52-b2ab-c02d9b66214e")>
2022/12/15 01:48:20 PM INFO:Waiting seconds: 1
2022/12/15 01:48:21 PM INFO:Key sent to element: <selenium.webdriver.remote.webelement.WebElement (session="1f6fc429f7b4f97bd6db6adfaa6d58ae", element="798a64cc-be43-4b52-b2ab-c02d9b66214e")>
2022/12/15 01:48:21 PM INFO:Clicking element...
2022/12/15 01:48:21 PM INFO:Waiting element to be Clickable, element//div[@id='identifierNext'] ...
2022/12/15 01:48:21 PM INFO:Element found: <selenium.webdriver.remote.webelement.WebElement (session="1f6fc429f7b4f97bd6db6adfaa6d58ae", element="4325011c-132c-48bc-a971-5652e905b6a2")>
2022/12/15 01:48:21 PM INFO:Looking for element: //div[@id='identifierNext'] ...
2022/12/15 01:48:21 PM INFO:Element found: <selenium.webdriver.remote.webelement.WebElement (session="1f6fc429f7b4f97bd6db6adfaa6d58ae", element="4325011c-132c-48bc-a971-5652e905b6a2")>
2022/12/15 01:48:21 PM INFO:Element clicked: <selenium.webdriver.remote.webelement.WebElement (session="1f6fc429f7b4f97bd6db6adfaa6d58ae", element="4325011c-132c-48bc-a971-5652e905b6a2")>
2022/12/15 01:48:21 PM INFO:Waiting seconds: 4
2022/12/15 01:48:25 PM INFO:Sending keys: None - In the element: //input[@name='password' or @name='Passwd'] ...
2022/12/15 01:48:25 PM INFO:Waiting element to be Clickable, element//input[@name='password' or @name='Passwd'] ...
2022/12/15 01:48:25 PM INFO:Element found: <selenium.webdriver.remote.webelement.WebElement (session="1f6fc429f7b4f97bd6db6adfaa6d58ae", element="6b27ce3a-c7af-4954-8fcd-5929781bb347")>
2022/12/15 01:48:25 PM INFO:Looking for element: //input[@name='password' or @name='Passwd'] ...
2022/12/15 01:48:25 PM INFO:Element found: <selenium.webdriver.remote.webelement.WebElement (session="1f6fc429f7b4f97bd6db6adfaa6d58ae", element="6b27ce3a-c7af-4954-8fcd-5929781bb347")>
2022/12/15 01:48:25 PM ERROR:Element NOT FOUND: //input[@name='password' or @name='Passwd']
2022/12/15 01:48:25 PM INFO:Clicking element...
2022/12/15 01:48:25 PM INFO:Waiting element to be Clickable, element//*[@id='passwordNext'] ...
2022/12/15 01:48:25 PM INFO:Element found: <selenium.webdriver.remote.webelement.WebElement (session="1f6fc429f7b4f97bd6db6adfaa6d58ae", element="26978b24-91f2-4b0c-b1fb-cc065a9af9cd")>
2022/12/15 01:48:25 PM INFO:Looking for element: //*[@id='passwordNext'] ...
2022/12/15 01:48:25 PM INFO:Element found: <selenium.webdriver.remote.webelement.WebElement (session="1f6fc429f7b4f97bd6db6adfaa6d58ae", element="26978b24-91f2-4b0c-b1fb-cc065a9af9cd")>
2022/12/15 01:48:25 PM INFO:Element clicked: <selenium.webdriver.remote.webelement.WebElement (session="1f6fc429f7b4f97bd6db6adfaa6d58ae", element="26978b24-91f2-4b0c-b1fb-cc065a9af9cd")>
2022/12/15 01:48:25 PM INFO:Waiting seconds: 4
2022/12/15 02:13:52 PM INFO:====== WebDriver manager ======
2022/12/15 02:13:53 PM INFO:Get LATEST chromedriver version for google-chrome 108.0.5359
2022/12/15 02:13:54 PM INFO:Driver [C:\Users\alber\.wdm\drivers\chromedriver\win32\108.0.5359\chromedriver.exe] found in cache
2022/12/15 02:13:55 PM INFO:Browser should be opened: Browser.CHROME
2022/12/15 02:13:55 PM INFO:Loading Sites.CALENDAR
2022/12/15 02:13:55 PM INFO:Going to site: https://calendar.google.com/calendar/
2022/12/15 02:13:57 PM INFO:Waiting element to be Clickable, element//*[@id='identifierId'] ...
2022/12/15 02:13:57 PM INFO:Element found: <selenium.webdriver.remote.webelement.WebElement (session="1ce3002ecf1cbad2d59fb389007a99de", element="fd1192e1-227a-49b9-869a-c5bbb65bcd81")>
2022/12/15 02:13:57 PM INFO:Sending keys: eiti.hirota@gmail.com - In the element: //*[@id='identifierId'] ...
2022/12/15 02:13:57 PM INFO:Waiting element to be Clickable, element//*[@id='identifierId'] ...
2022/12/15 02:13:57 PM INFO:Element found: <selenium.webdriver.remote.webelement.WebElement (session="1ce3002ecf1cbad2d59fb389007a99de", element="fd1192e1-227a-49b9-869a-c5bbb65bcd81")>
2022/12/15 02:13:57 PM INFO:Looking for element: //*[@id='identifierId'] ...
2022/12/15 02:13:57 PM INFO:Element found: <selenium.webdriver.remote.webelement.WebElement (session="1ce3002ecf1cbad2d59fb389007a99de", element="fd1192e1-227a-49b9-869a-c5bbb65bcd81")>
2022/12/15 02:13:57 PM INFO:Waiting seconds: 1
2022/12/15 02:13:58 PM INFO:Key sent to element: <selenium.webdriver.remote.webelement.WebElement (session="1ce3002ecf1cbad2d59fb389007a99de", element="fd1192e1-227a-49b9-869a-c5bbb65bcd81")>
2022/12/15 02:13:58 PM INFO:Clicking element...
2022/12/15 02:13:58 PM INFO:Waiting element to be Clickable, element//div[@id='identifierNext'] ...
2022/12/15 02:13:58 PM INFO:Element found: <selenium.webdriver.remote.webelement.WebElement (session="1ce3002ecf1cbad2d59fb389007a99de", element="9caf54e0-d817-479c-b7a2-eb1c31a6e7e6")>
2022/12/15 02:13:58 PM INFO:Looking for element: //div[@id='identifierNext'] ...
2022/12/15 02:13:58 PM INFO:Element found: <selenium.webdriver.remote.webelement.WebElement (session="1ce3002ecf1cbad2d59fb389007a99de", element="9caf54e0-d817-479c-b7a2-eb1c31a6e7e6")>
2022/12/15 02:13:59 PM INFO:Element clicked: <selenium.webdriver.remote.webelement.WebElement (session="1ce3002ecf1cbad2d59fb389007a99de", element="9caf54e0-d817-479c-b7a2-eb1c31a6e7e6")>
2022/12/15 02:13:59 PM INFO:Waiting seconds: 4
2022/12/15 02:14:03 PM INFO:Sending keys: Selenium1! - In the element: //input[@name='password' or @name='Passwd'] ...
2022/12/15 02:14:03 PM INFO:Waiting element to be Clickable, element//input[@name='password' or @name='Passwd'] ...
2022/12/15 02:14:03 PM INFO:Element found: <selenium.webdriver.remote.webelement.WebElement (session="1ce3002ecf1cbad2d59fb389007a99de", element="055bdd80-91d4-4c14-968b-6b28260c9966")>
2022/12/15 02:14:03 PM INFO:Looking for element: //input[@name='password' or @name='Passwd'] ...
2022/12/15 02:14:03 PM INFO:Element found: <selenium.webdriver.remote.webelement.WebElement (session="1ce3002ecf1cbad2d59fb389007a99de", element="055bdd80-91d4-4c14-968b-6b28260c9966")>
2022/12/15 02:14:03 PM INFO:Waiting seconds: 1
2022/12/15 02:14:04 PM INFO:Key sent to element: <selenium.webdriver.remote.webelement.WebElement (session="1ce3002ecf1cbad2d59fb389007a99de", element="055bdd80-91d4-4c14-968b-6b28260c9966")>
2022/12/15 02:14:04 PM INFO:Clicking element...
2022/12/15 02:14:04 PM INFO:Waiting element to be Clickable, element//*[@id='passwordNext'] ...
2022/12/15 02:14:04 PM INFO:Element found: <selenium.webdriver.remote.webelement.WebElement (session="1ce3002ecf1cbad2d59fb389007a99de", element="352169a7-47fa-4ce7-9643-5bf4e9e2bf84")>
2022/12/15 02:14:04 PM INFO:Looking for element: //*[@id='passwordNext'] ...
2022/12/15 02:14:04 PM INFO:Element found: <selenium.webdriver.remote.webelement.WebElement (session="1ce3002ecf1cbad2d59fb389007a99de", element="352169a7-47fa-4ce7-9643-5bf4e9e2bf84")>
2022/12/15 02:14:04 PM INFO:Element clicked: <selenium.webdriver.remote.webelement.WebElement (session="1ce3002ecf1cbad2d59fb389007a99de", element="352169a7-47fa-4ce7-9643-5bf4e9e2bf84")>
2022/12/15 02:14:04 PM INFO:Waiting seconds: 4
